<?xml version="1.0" encoding="UTF-8"?>
<coverage generated="1769112491194" clover="3.2.0">
  <project timestamp="1769112491194" name="All files">
    <metrics statements="3" coveredstatements="2" conditionals="0" coveredconditionals="0" methods="3" coveredmethods="1" elements="6" coveredelements="3" complexity="0" loc="3" ncloc="3" packages="1" files="1" classes="1"/>
    <file name="NavBar.jsx" path="C:\dev\knapsack\knapsack\apps\web-app\src\components\NavBar.jsx">
      <metrics statements="3" coveredstatements="2" conditionals="0" coveredconditionals="0" methods="3" coveredmethods="1"/>
      <line num="5" count="1" type="stmt"/>
      <line num="7" count="1" type="stmt"/>
      <line num="26" count="0" type="stmt"/>
    </file>
  </project>
</coverage>
