{"C:\\dev\\knapsack\\knapsack\\apps\\web-app\\src\\components\\MyResourcesPanel.jsx": {"path":"C:\\dev\\knapsack\\knapsack\\apps\\web-app\\src\\components\\MyResourcesPanel.jsx","statementMap":{"0":{"start":{"line":5,"column":2},"end":{"line":12,"column":null}},"1":{"start":{"line":17,"column":22},"end":{"line":17,"column":null}},"2":{"start":{"line":18,"column":22},"end":{"line":18,"column":null}},"3":{"start":{"line":19,"column":36},"end":{"line":19,"column":null}},"4":{"start":{"line":20,"column":30},"end":{"line":20,"column":null}},"5":{"start":{"line":21,"column":30},"end":{"line":21,"column":null}},"6":{"start":{"line":22,"column":26},"end":{"line":22,"column":null}},"7":{"start":{"line":25,"column":19},"end":{"line":25,"column":null}},"8":{"start":{"line":26,"column":24},"end":{"line":26,"column":null}},"9":{"start":{"line":29,"column":10},"end":{"line":29,"column":null}},"10":{"start":{"line":30,"column":4},"end":{"line":30,"column":null}},"11":{"start":{"line":30,"column":29},"end":{"line":30,"column":null}},"12":{"start":{"line":31,"column":4},"end":{"line":36,"column":null}},"13":{"start":{"line":32,"column":18},"end":{"line":32,"column":null}},"14":{"start":{"line":33,"column":6},"end":{"line":33,"column":null}},"15":{"start":{"line":33,"column":18},"end":{"line":33,"column":null}},"16":{"start":{"line":34,"column":19},"end":{"line":34,"column":null}},"17":{"start":{"line":35,"column":6},"end":{"line":35,"column":null}},"18":{"start":{"line":36,"column":17},"end":{"line":36,"column":58}},"19":{"start":{"line":39,"column":2},"end":{"line":39,"column":null}},"20":{"start":{"line":39,"column":24},"end":{"line":39,"column":43}},"21":{"start":{"line":42,"column":4},"end":{"line":42,"column":null}},"22":{"start":{"line":43,"column":4},"end":{"line":43,"column":null}},"23":{"start":{"line":44,"column":10},"end":{"line":44,"column":null}},"24":{"start":{"line":45,"column":20},"end":{"line":52,"column":null}},"25":{"start":{"line":53,"column":4},"end":{"line":74,"column":null}},"26":{"start":{"line":54,"column":24},"end":{"line":54,"column":null}},"27":{"start":{"line":55,"column":24},"end":{"line":55,"column":null}},"28":{"start":{"line":56,"column":8},"end":{"line":56,"column":null}},"29":{"start":{"line":56,"column":20},"end":{"line":56,"column":null}},"30":{"start":{"line":57,"column":20},"end":{"line":61,"column":null}},"31":{"start":{"line":62,"column":6},"end":{"line":62,"column":null}},"32":{"start":{"line":62,"column":18},"end":{"line":62,"column":null}},"33":{"start":{"line":63,"column":19},"end":{"line":63,"column":null}},"34":{"start":{"line":64,"column":6},"end":{"line":64,"column":null}},"35":{"start":{"line":66,"column":6},"end":{"line":66,"column":null}},"36":{"start":{"line":67,"column":6},"end":{"line":67,"column":null}},"37":{"start":{"line":68,"column":6},"end":{"line":68,"column":null}},"38":{"start":{"line":69,"column":6},"end":{"line":69,"column":null}},"39":{"start":{"line":70,"column":6},"end":{"line":70,"column":null}},"40":{"start":{"line":72,"column":6},"end":{"line":72,"column":null}},"41":{"start":{"line":73,"column":6},"end":{"line":73,"column":null}},"42":{"start":{"line":77,"column":2},"end":{"line":156,"column":null}},"43":{"start":{"line":79,"column":57},"end":{"line":79,"column":76}},"44":{"start":{"line":79,"column":70},"end":{"line":79,"column":72}},"45":{"start":{"line":85,"column":74},"end":{"line":85,"column":99}},"46":{"start":{"line":89,"column":84},"end":{"line":89,"column":116}},"47":{"start":{"line":93,"column":111},"end":{"line":93,"column":140}},"48":{"start":{"line":96,"column":117},"end":{"line":96,"column":148}},"49":{"start":{"line":118,"column":16},"end":{"line":150,"column":null}},"50":{"start":{"line":125,"column":48},"end":{"line":125,"column":null}},"51":{"start":{"line":126,"column":26},"end":{"line":143,"column":null}},"52":{"start":{"line":127,"column":46},"end":{"line":127,"column":null}},"53":{"start":{"line":128,"column":40},"end":{"line":139,"column":null}},"54":{"start":{"line":140,"column":28},"end":{"line":140,"column":null}},"55":{"start":{"line":140,"column":40},"end":{"line":140,"column":null}},"56":{"start":{"line":141,"column":44},"end":{"line":141,"column":null}},"57":{"start":{"line":142,"column":28},"end":{"line":142,"column":null}},"58":{"start":{"line":142,"column":45},"end":{"line":142,"column":88}},"59":{"start":{"line":142,"column":59},"end":{"line":142,"column":87}},"60":{"start":{"line":143,"column":39},"end":{"line":143,"column":75}}},"fnMap":{"0":{"name":"SlideDown","decl":{"start":{"line":4,"column":9},"end":{"line":4,"column":19}},"loc":{"start":{"line":4,"column":39},"end":{"line":14,"column":null}},"line":4},"1":{"name":"MyResourcesPanel","decl":{"start":{"line":16,"column":24},"end":{"line":16,"column":42}},"loc":{"start":{"line":16,"column":42},"end":{"line":158,"column":null}},"line":16},"2":{"name":"fetchMyResources","decl":{"start":{"line":28,"column":17},"end":{"line":28,"column":35}},"loc":{"start":{"line":28,"column":35},"end":{"line":37,"column":null}},"line":28},"3":{"name":"(anonymous_3)","decl":{"start":{"line":39,"column":18},"end":{"line":39,"column":22}},"loc":{"start":{"line":39,"column":22},"end":{"line":39,"column":46}},"line":39},"4":{"name":"handleSubmit","decl":{"start":{"line":41,"column":17},"end":{"line":41,"column":30}},"loc":{"start":{"line":41,"column":32},"end":{"line":75,"column":null}},"line":41},"5":{"name":"(anonymous_5)","decl":{"start":{"line":79,"column":51},"end":{"line":79,"column":57}},"loc":{"start":{"line":79,"column":57},"end":{"line":79,"column":76}},"line":79},"6":{"name":"(anonymous_6)","decl":{"start":{"line":79,"column":65},"end":{"line":79,"column":70}},"loc":{"start":{"line":79,"column":70},"end":{"line":79,"column":72}},"line":79},"7":{"name":"(anonymous_7)","decl":{"start":{"line":85,"column":69},"end":{"line":85,"column":74}},"loc":{"start":{"line":85,"column":74},"end":{"line":85,"column":99}},"line":85},"8":{"name":"(anonymous_8)","decl":{"start":{"line":89,"column":79},"end":{"line":89,"column":84}},"loc":{"start":{"line":89,"column":84},"end":{"line":89,"column":116}},"line":89},"9":{"name":"(anonymous_9)","decl":{"start":{"line":93,"column":106},"end":{"line":93,"column":111}},"loc":{"start":{"line":93,"column":111},"end":{"line":93,"column":140}},"line":93},"10":{"name":"(anonymous_10)","decl":{"start":{"line":96,"column":112},"end":{"line":96,"column":117}},"loc":{"start":{"line":96,"column":117},"end":{"line":96,"column":148}},"line":96},"11":{"name":"(anonymous_11)","decl":{"start":{"line":117,"column":25},"end":{"line":117,"column":null}},"loc":{"start":{"line":118,"column":16},"end":{"line":150,"column":null}},"line":118},"12":{"name":"(anonymous_12)","decl":{"start":{"line":125,"column":33},"end":{"line":125,"column":40}},"loc":{"start":{"line":125,"column":46},"end":{"line":144,"column":null}},"line":125},"13":{"name":"(anonymous_13)","decl":{"start":{"line":142,"column":37},"end":{"line":142,"column":45}},"loc":{"start":{"line":142,"column":45},"end":{"line":142,"column":88}},"line":142},"14":{"name":"(anonymous_14)","decl":{"start":{"line":142,"column":54},"end":{"line":142,"column":59}},"loc":{"start":{"line":142,"column":59},"end":{"line":142,"column":87}},"line":142}},"branchMap":{"0":{"loc":{"start":{"line":7,"column":17},"end":{"line":7,"column":null}},"type":"cond-expr","locations":[{"start":{"line":7,"column":24},"end":{"line":7,"column":34}},{"start":{"line":7,"column":34},"end":{"line":7,"column":null}}],"line":7},"1":{"loc":{"start":{"line":25,"column":19},"end":{"line":25,"column":null}},"type":"binary-expr","locations":[{"start":{"line":25,"column":19},"end":{"line":25,"column":56}},{"start":{"line":25,"column":56},"end":{"line":25,"column":89}},{"start":{"line":25,"column":89},"end":{"line":25,"column":null}}],"line":25},"2":{"loc":{"start":{"line":30,"column":4},"end":{"line":30,"column":null}},"type":"if","locations":[{"start":{"line":30,"column":4},"end":{"line":30,"column":null}},{"start":{},"end":{}}],"line":30},"3":{"loc":{"start":{"line":30,"column":7},"end":{"line":30,"column":29}},"type":"binary-expr","locations":[{"start":{"line":30,"column":7},"end":{"line":30,"column":16}},{"start":{"line":30,"column":16},"end":{"line":30,"column":29}}],"line":30},"4":{"loc":{"start":{"line":33,"column":6},"end":{"line":33,"column":null}},"type":"if","locations":[{"start":{"line":33,"column":6},"end":{"line":33,"column":null}},{"start":{},"end":{}}],"line":33},"5":{"loc":{"start":{"line":48,"column":16},"end":{"line":48,"column":null}},"type":"cond-expr","locations":[{"start":{"line":48,"column":27},"end":{"line":48,"column":46}},{"start":{"line":48,"column":46},"end":{"line":48,"column":null}}],"line":48},"6":{"loc":{"start":{"line":51,"column":13},"end":{"line":51,"column":null}},"type":"cond-expr","locations":[{"start":{"line":51,"column":21},"end":{"line":51,"column":48}},{"start":{"line":51,"column":48},"end":{"line":51,"column":null}}],"line":51},"7":{"loc":{"start":{"line":51,"column":21},"end":{"line":51,"column":48}},"type":"binary-expr","locations":[{"start":{"line":51,"column":21},"end":{"line":51,"column":35}},{"start":{"line":51,"column":35},"end":{"line":51,"column":48}}],"line":51},"8":{"loc":{"start":{"line":56,"column":8},"end":{"line":56,"column":null}},"type":"if","locations":[{"start":{"line":56,"column":8},"end":{"line":56,"column":null}},{"start":{},"end":{}}],"line":56},"9":{"loc":{"start":{"line":62,"column":6},"end":{"line":62,"column":null}},"type":"if","locations":[{"start":{"line":62,"column":6},"end":{"line":62,"column":null}},{"start":{},"end":{}}],"line":62},"10":{"loc":{"start":{"line":79,"column":76},"end":{"line":79,"column":111}},"type":"cond-expr","locations":[{"start":{"line":79,"column":83},"end":{"line":79,"column":93}},{"start":{"line":79,"column":93},"end":{"line":79,"column":111}}],"line":79},"11":{"loc":{"start":{"line":101,"column":15},"end":{"line":101,"column":null}},"type":"binary-expr","locations":[{"start":{"line":101,"column":15},"end":{"line":101,"column":38}},{"start":{"line":101,"column":38},"end":{"line":101,"column":null}}],"line":101},"12":{"loc":{"start":{"line":102,"column":15},"end":{"line":102,"column":null}},"type":"binary-expr","locations":[{"start":{"line":102,"column":15},"end":{"line":102,"column":37}},{"start":{"line":102,"column":37},"end":{"line":102,"column":null}}],"line":102},"13":{"loc":{"start":{"line":103,"column":15},"end":{"line":103,"column":null}},"type":"binary-expr","locations":[{"start":{"line":103,"column":15},"end":{"line":103,"column":37}},{"start":{"line":103,"column":37},"end":{"line":103,"column":null}}],"line":103},"14":{"loc":{"start":{"line":110,"column":9},"end":{"line":110,"column":null}},"type":"binary-expr","locations":[{"start":{"line":110,"column":9},"end":{"line":110,"column":31}},{"start":{"line":110,"column":31},"end":{"line":110,"column":null}}],"line":110},"15":{"loc":{"start":{"line":111,"column":9},"end":{"line":153,"column":null}},"type":"binary-expr","locations":[{"start":{"line":111,"column":9},"end":{"line":111,"column":null}},{"start":{"line":112,"column":10},"end":{"line":153,"column":null}}],"line":111},"16":{"loc":{"start":{"line":118,"column":48},"end":{"line":118,"column":84}},"type":"cond-expr","locations":[{"start":{"line":118,"column":60},"end":{"line":118,"column":74}},{"start":{"line":118,"column":74},"end":{"line":118,"column":84}}],"line":118},"17":{"loc":{"start":{"line":136,"column":44},"end":{"line":136,"column":null}},"type":"binary-expr","locations":[{"start":{"line":136,"column":44},"end":{"line":136,"column":61}},{"start":{"line":136,"column":61},"end":{"line":136,"column":null}}],"line":136},"18":{"loc":{"start":{"line":140,"column":28},"end":{"line":140,"column":null}},"type":"if","locations":[{"start":{"line":140,"column":28},"end":{"line":140,"column":null}},{"start":{},"end":{}}],"line":140},"19":{"loc":{"start":{"line":142,"column":59},"end":{"line":142,"column":87}},"type":"cond-expr","locations":[{"start":{"line":142,"column":76},"end":{"line":142,"column":86}},{"start":{"line":142,"column":86},"end":{"line":142,"column":87}}],"line":142},"20":{"loc":{"start":{"line":145,"column":40},"end":{"line":145,"column":75}},"type":"cond-expr","locations":[{"start":{"line":145,"column":52},"end":{"line":145,"column":66}},{"start":{"line":145,"column":66},"end":{"line":145,"column":75}}],"line":145},"21":{"loc":{"start":{"line":147,"column":25},"end":{"line":147,"column":null}},"type":"cond-expr","locations":[{"start":{"line":147,"column":37},"end":{"line":147,"column":48}},{"start":{"line":147,"column":48},"end":{"line":147,"column":null}}],"line":147}},"s":{"0":15,"1":15,"2":15,"3":15,"4":15,"5":15,"6":15,"7":15,"8":15,"9":5,"10":5,"11":0,"12":5,"13":5,"14":5,"15":0,"16":5,"17":5,"18":0,"19":15,"20":4,"21":1,"22":1,"23":1,"24":1,"25":1,"26":1,"27":1,"28":1,"29":0,"30":1,"31":1,"32":0,"33":1,"34":1,"35":1,"36":1,"37":1,"38":1,"39":1,"40":0,"41":0,"42":15,"43":1,"44":1,"45":1,"46":1,"47":1,"48":0,"49":6,"50":1,"51":1,"52":1,"53":1,"54":1,"55":0,"56":1,"57":1,"58":1,"59":1,"60":0},"f":{"0":15,"1":15,"2":5,"3":4,"4":1,"5":1,"6":1,"7":1,"8":1,"9":1,"10":0,"11":6,"12":1,"13":1,"14":1},"b":{"0":[7,8],"1":[15,15,15],"2":[0,5],"3":[5,5],"4":[0,5],"5":[1,0],"6":[1,0],"7":[1,0],"8":[0,1],"9":[0,1],"10":[7,8],"11":[15,1],"12":[15,2],"13":[15,0],"14":[15,10],"15":[15,5],"16":[2,4],"17":[1,1],"18":[0,1],"19":[1,0],"20":[2,4],"21":[2,4]},"meta":{"lastBranch":22,"lastFunction":15,"lastStatement":61,"seen":{"f:4:9:4:19":0,"s:5:2:12:Infinity":0,"b:7:24:7:34:7:34:7:Infinity":0,"f:16:24:16:42":1,"s:17:22:17:Infinity":1,"s:18:22:18:Infinity":2,"s:19:36:19:Infinity":3,"s:20:30:20:Infinity":4,"s:21:30:21:Infinity":5,"s:22:26:22:Infinity":6,"s:25:19:25:Infinity":7,"b:25:19:25:56:25:56:25:89:25:89:25:Infinity":1,"s:26:24:26:Infinity":8,"f:28:17:28:35":2,"s:29:10:29:Infinity":9,"b:30:4:30:Infinity:undefined:undefined:undefined:undefined":2,"s:30:4:30:Infinity":10,"b:30:7:30:16:30:16:30:29":3,"s:30:29:30:Infinity":11,"s:31:4:36:Infinity":12,"s:32:18:32:Infinity":13,"b:33:6:33:Infinity:undefined:undefined:undefined:undefined":4,"s:33:6:33:Infinity":14,"s:33:18:33:Infinity":15,"s:34:19:34:Infinity":16,"s:35:6:35:Infinity":17,"s:36:17:36:58":18,"s:39:2:39:Infinity":19,"f:39:18:39:22":3,"s:39:24:39:43":20,"f:41:17:41:30":4,"s:42:4:42:Infinity":21,"s:43:4:43:Infinity":22,"s:44:10:44:Infinity":23,"s:45:20:52:Infinity":24,"b:48:27:48:46:48:46:48:Infinity":5,"b:51:21:51:48:51:48:51:Infinity":6,"b:51:21:51:35:51:35:51:48":7,"s:53:4:74:Infinity":25,"s:54:24:54:Infinity":26,"s:55:24:55:Infinity":27,"b:56:8:56:Infinity:undefined:undefined:undefined:undefined":8,"s:56:8:56:Infinity":28,"s:56:20:56:Infinity":29,"s:57:20:61:Infinity":30,"b:62:6:62:Infinity:undefined:undefined:undefined:undefined":9,"s:62:6:62:Infinity":31,"s:62:18:62:Infinity":32,"s:63:19:63:Infinity":33,"s:64:6:64:Infinity":34,"s:66:6:66:Infinity":35,"s:67:6:67:Infinity":36,"s:68:6:68:Infinity":37,"s:69:6:69:Infinity":38,"s:70:6:70:Infinity":39,"s:72:6:72:Infinity":40,"s:73:6:73:Infinity":41,"s:77:2:156:Infinity":42,"f:79:51:79:57":5,"s:79:57:79:76":43,"f:79:65:79:70":6,"s:79:70:79:72":44,"b:79:83:79:93:79:93:79:111":10,"f:85:69:85:74":7,"s:85:74:85:99":45,"f:89:79:89:84":8,"s:89:84:89:116":46,"f:93:106:93:111":9,"s:93:111:93:140":47,"f:96:112:96:117":10,"s:96:117:96:148":48,"b:101:15:101:38:101:38:101:Infinity":11,"b:102:15:102:37:102:37:102:Infinity":12,"b:103:15:103:37:103:37:103:Infinity":13,"b:110:9:110:31:110:31:110:Infinity":14,"b:111:9:111:Infinity:112:10:153:Infinity":15,"f:117:25:117:Infinity":11,"s:118:16:150:Infinity":49,"b:118:60:118:74:118:74:118:84":16,"f:125:33:125:40":12,"s:125:48:125:Infinity":50,"s:126:26:143:Infinity":51,"s:127:46:127:Infinity":52,"s:128:40:139:Infinity":53,"b:136:44:136:61:136:61:136:Infinity":17,"b:140:28:140:Infinity:undefined:undefined:undefined:undefined":18,"s:140:28:140:Infinity":54,"s:140:40:140:Infinity":55,"s:141:44:141:Infinity":56,"s:142:28:142:Infinity":57,"f:142:37:142:45":13,"s:142:45:142:88":58,"f:142:54:142:59":14,"s:142:59:142:87":59,"b:142:76:142:86:142:86:142:87":19,"s:143:39:143:75":60,"b:145:52:145:66:145:66:145:75":20,"b:147:37:147:48:147:48:147:Infinity":21}}}
,"C:\\dev\\knapsack\\knapsack\\apps\\web-app\\src\\components\\NavBar.jsx": {"path":"C:\\dev\\knapsack\\knapsack\\apps\\web-app\\src\\components\\NavBar.jsx","statementMap":{"0":{"start":{"line":6,"column":27},"end":{"line":6,"column":null}},"1":{"start":{"line":8,"column":2},"end":{"line":82,"column":null}},"2":{"start":{"line":9,"column":4},"end":{"line":9,"column":null}},"3":{"start":{"line":12,"column":6},"end":{"line":16,"column":null}},"4":{"start":{"line":13,"column":24},"end":{"line":13,"column":null}},"5":{"start":{"line":14,"column":24},"end":{"line":14,"column":null}},"6":{"start":{"line":15,"column":8},"end":{"line":15,"column":null}},"7":{"start":{"line":16,"column":17},"end":{"line":16,"column":29}},"8":{"start":{"line":20,"column":6},"end":{"line":63,"column":null}},"9":{"start":{"line":21,"column":8},"end":{"line":21,"column":null}},"10":{"start":{"line":21,"column":17},"end":{"line":21,"column":null}},"11":{"start":{"line":23,"column":21},"end":{"line":23,"column":null}},"12":{"start":{"line":25,"column":8},"end":{"line":25,"column":null}},"13":{"start":{"line":28,"column":28},"end":{"line":28,"column":null}},"14":{"start":{"line":29,"column":8},"end":{"line":32,"column":null}},"15":{"start":{"line":30,"column":10},"end":{"line":30,"column":null}},"16":{"start":{"line":31,"column":10},"end":{"line":31,"column":null}},"17":{"start":{"line":34,"column":8},"end":{"line":62,"column":null}},"18":{"start":{"line":35,"column":11},"end":{"line":49,"column":null}},"19":{"start":{"line":36,"column":12},"end":{"line":48,"column":null}},"20":{"start":{"line":37,"column":30},"end":{"line":37,"column":null}},"21":{"start":{"line":38,"column":24},"end":{"line":38,"column":null}},"22":{"start":{"line":39,"column":14},"end":{"line":39,"column":null}},"23":{"start":{"line":40,"column":14},"end":{"line":40,"column":null}},"24":{"start":{"line":42,"column":14},"end":{"line":42,"column":null}},"25":{"start":{"line":42,"column":31},"end":{"line":42,"column":null}},"26":{"start":{"line":42,"column":36},"end":{"line":42,"column":94}},"27":{"start":{"line":43,"column":14},"end":{"line":43,"column":null}},"28":{"start":{"line":43,"column":35},"end":{"line":43,"column":null}},"29":{"start":{"line":43,"column":40},"end":{"line":43,"column":106}},"30":{"start":{"line":44,"column":25},"end":{"line":44,"column":61}},"31":{"start":{"line":46,"column":14},"end":{"line":46,"column":null}},"32":{"start":{"line":47,"column":14},"end":{"line":47,"column":null}},"33":{"start":{"line":50,"column":8},"end":{"line":62,"column":null}},"34":{"start":{"line":51,"column":20},"end":{"line":51,"column":null}},"35":{"start":{"line":52,"column":30},"end":{"line":52,"column":null}},"36":{"start":{"line":53,"column":10},"end":{"line":53,"column":null}},"37":{"start":{"line":53,"column":18},"end":{"line":53,"column":52}},"38":{"start":{"line":53,"column":52},"end":{"line":53,"column":59}},"39":{"start":{"line":54,"column":10},"end":{"line":54,"column":null}},"40":{"start":{"line":54,"column":54},"end":{"line":54,"column":86}},"41":{"start":{"line":54,"column":86},"end":{"line":54,"column":93}},"42":{"start":{"line":55,"column":20},"end":{"line":55,"column":null}},"43":{"start":{"line":56,"column":10},"end":{"line":56,"column":null}},"44":{"start":{"line":57,"column":10},"end":{"line":57,"column":null}},"45":{"start":{"line":59,"column":10},"end":{"line":59,"column":null}},"46":{"start":{"line":59,"column":34},"end":{"line":59,"column":null}},"47":{"start":{"line":59,"column":39},"end":{"line":59,"column":97}},"48":{"start":{"line":60,"column":10},"end":{"line":60,"column":null}},"49":{"start":{"line":61,"column":10},"end":{"line":61,"column":null}},"50":{"start":{"line":63,"column":19},"end":{"line":63,"column":64}},"51":{"start":{"line":67,"column":6},"end":{"line":67,"column":null}},"52":{"start":{"line":67,"column":11},"end":{"line":67,"column":43}},"53":{"start":{"line":67,"column":56},"end":{"line":67,"column":75}},"54":{"start":{"line":70,"column":4},"end":{"line":70,"column":null}},"55":{"start":{"line":72,"column":4},"end":{"line":79,"column":null}},"56":{"start":{"line":73,"column":18},"end":{"line":73,"column":null}},"57":{"start":{"line":74,"column":6},"end":{"line":78,"column":null}},"58":{"start":{"line":75,"column":23},"end":{"line":75,"column":null}},"59":{"start":{"line":76,"column":8},"end":{"line":76,"column":null}},"60":{"start":{"line":77,"column":8},"end":{"line":77,"column":null}},"61":{"start":{"line":81,"column":4},"end":{"line":81,"column":null}},"62":{"start":{"line":81,"column":16},"end":{"line":81,"column":null}},"63":{"start":{"line":84,"column":8},"end":{"line":84,"column":null}},"64":{"start":{"line":87,"column":4},"end":{"line":87,"column":null}},"65":{"start":{"line":88,"column":4},"end":{"line":88,"column":null}},"66":{"start":{"line":89,"column":4},"end":{"line":89,"column":null}},"67":{"start":{"line":90,"column":4},"end":{"line":90,"column":null}},"68":{"start":{"line":90,"column":9},"end":{"line":90,"column":57}},"69":{"start":{"line":90,"column":57},"end":{"line":90,"column":108}},"70":{"start":{"line":92,"column":4},"end":{"line":92,"column":null}},"71":{"start":{"line":96,"column":4},"end":{"line":96,"column":null}},"72":{"start":{"line":97,"column":10},"end":{"line":97,"column":null}},"73":{"start":{"line":99,"column":4},"end":{"line":99,"column":null}},"74":{"start":{"line":102,"column":2},"end":{"line":137,"column":null}}},"fnMap":{"0":{"name":"NavBar","decl":{"start":{"line":5,"column":24},"end":{"line":5,"column":32}},"loc":{"start":{"line":5,"column":32},"end":{"line":139,"column":null}},"line":5},"1":{"name":"(anonymous_1)","decl":{"start":{"line":8,"column":12},"end":{"line":8,"column":16}},"loc":{"start":{"line":8,"column":16},"end":{"line":82,"column":5}},"line":8},"2":{"name":"parseJwt","decl":{"start":{"line":11,"column":13},"end":{"line":11,"column":23}},"loc":{"start":{"line":11,"column":30},"end":{"line":17,"column":null}},"line":11},"3":{"name":"handleAuthFragment","decl":{"start":{"line":19,"column":13},"end":{"line":19,"column":32}},"loc":{"start":{"line":19,"column":36},"end":{"line":64,"column":null}},"line":19},"4":{"name":"(anonymous_4)","decl":{"start":{"line":35,"column":12},"end":{"line":35,"column":22}},"loc":{"start":{"line":35,"column":22},"end":{"line":49,"column":13}},"line":35},"5":{"name":"onMessage","decl":{"start":{"line":66,"column":13},"end":{"line":66,"column":23}},"loc":{"start":{"line":66,"column":25},"end":{"line":68,"column":null}},"line":66},"6":{"name":"(anonymous_6)","decl":{"start":{"line":81,"column":11},"end":{"line":81,"column":16}},"loc":{"start":{"line":81,"column":16},"end":{"line":81,"column":null}},"line":81},"7":{"name":"handleLogout","decl":{"start":{"line":86,"column":11},"end":{"line":86,"column":24}},"loc":{"start":{"line":86,"column":26},"end":{"line":93,"column":null}},"line":86},"8":{"name":"handleLogin","decl":{"start":{"line":95,"column":11},"end":{"line":95,"column":23}},"loc":{"start":{"line":95,"column":25},"end":{"line":100,"column":null}},"line":95}},"branchMap":{"0":{"loc":{"start":{"line":21,"column":8},"end":{"line":21,"column":null}},"type":"if","locations":[{"start":{"line":21,"column":8},"end":{"line":21,"column":null}},{"start":{},"end":{}}],"line":21},"1":{"loc":{"start":{"line":29,"column":8},"end":{"line":32,"column":null}},"type":"if","locations":[{"start":{"line":29,"column":8},"end":{"line":32,"column":null}},{"start":{},"end":{}}],"line":29},"2":{"loc":{"start":{"line":29,"column":11},"end":{"line":29,"column":67}},"type":"binary-expr","locations":[{"start":{"line":29,"column":11},"end":{"line":29,"column":25}},{"start":{"line":29,"column":25},"end":{"line":29,"column":40}},{"start":{"line":29,"column":40},"end":{"line":29,"column":67}}],"line":29},"3":{"loc":{"start":{"line":34,"column":8},"end":{"line":62,"column":null}},"type":"if","locations":[{"start":{"line":34,"column":8},"end":{"line":62,"column":null}},{"start":{"line":50,"column":8},"end":{"line":62,"column":null}}],"line":34},"4":{"loc":{"start":{"line":38,"column":32},"end":{"line":38,"column":63}},"type":"binary-expr","locations":[{"start":{"line":38,"column":32},"end":{"line":38,"column":48}},{"start":{"line":38,"column":48},"end":{"line":38,"column":63}}],"line":38},"5":{"loc":{"start":{"line":42,"column":14},"end":{"line":42,"column":null}},"type":"if","locations":[{"start":{"line":42,"column":14},"end":{"line":42,"column":null}},{"start":{},"end":{}}],"line":42},"6":{"loc":{"start":{"line":43,"column":14},"end":{"line":43,"column":null}},"type":"if","locations":[{"start":{"line":43,"column":14},"end":{"line":43,"column":null}},{"start":{},"end":{}}],"line":43},"7":{"loc":{"start":{"line":50,"column":8},"end":{"line":62,"column":null}},"type":"if","locations":[{"start":{"line":50,"column":8},"end":{"line":62,"column":null}},{"start":{},"end":{}}],"line":50},"8":{"loc":{"start":{"line":53,"column":10},"end":{"line":53,"column":null}},"type":"if","locations":[{"start":{"line":53,"column":10},"end":{"line":53,"column":null}},{"start":{},"end":{}}],"line":53},"9":{"loc":{"start":{"line":54,"column":10},"end":{"line":54,"column":null}},"type":"if","locations":[{"start":{"line":54,"column":10},"end":{"line":54,"column":null}},{"start":{},"end":{}}],"line":54},"10":{"loc":{"start":{"line":54,"column":13},"end":{"line":54,"column":52}},"type":"binary-expr","locations":[{"start":{"line":54,"column":13},"end":{"line":54,"column":28}},{"start":{"line":54,"column":28},"end":{"line":54,"column":52}}],"line":54},"11":{"loc":{"start":{"line":55,"column":28},"end":{"line":55,"column":47}},"type":"binary-expr","locations":[{"start":{"line":55,"column":28},"end":{"line":55,"column":38}},{"start":{"line":55,"column":38},"end":{"line":55,"column":47}}],"line":55},"12":{"loc":{"start":{"line":59,"column":10},"end":{"line":59,"column":null}},"type":"if","locations":[{"start":{"line":59,"column":10},"end":{"line":59,"column":null}},{"start":{},"end":{}}],"line":59},"13":{"loc":{"start":{"line":59,"column":13},"end":{"line":59,"column":34}},"type":"binary-expr","locations":[{"start":{"line":59,"column":13},"end":{"line":59,"column":20}},{"start":{"line":59,"column":20},"end":{"line":59,"column":34}}],"line":59},"14":{"loc":{"start":{"line":67,"column":30},"end":{"line":67,"column":41}},"type":"binary-expr","locations":[{"start":{"line":67,"column":30},"end":{"line":67,"column":35}},{"start":{"line":67,"column":35},"end":{"line":67,"column":41}}],"line":67},"15":{"loc":{"start":{"line":74,"column":6},"end":{"line":78,"column":null}},"type":"if","locations":[{"start":{"line":74,"column":6},"end":{"line":78,"column":null}},{"start":{},"end":{}}],"line":74},"16":{"loc":{"start":{"line":96,"column":4},"end":{"line":96,"column":null}},"type":"binary-expr","locations":[{"start":{"line":96,"column":4},"end":{"line":96,"column":9}},{"start":{"line":96,"column":9},"end":{"line":96,"column":null}}],"line":96},"17":{"loc":{"start":{"line":117,"column":13},"end":{"line":120,"column":null}},"type":"binary-expr","locations":[{"start":{"line":117,"column":13},"end":{"line":117,"column":null}},{"start":{"line":118,"column":14},"end":{"line":120,"column":null}}],"line":117},"18":{"loc":{"start":{"line":125,"column":13},"end":{"line":132,"column":null}},"type":"cond-expr","locations":[{"start":{"line":126,"column":14},"end":{"line":126,"column":null}},{"start":{"line":128,"column":14},"end":{"line":132,"column":null}}],"line":125}},"s":{"0":1,"1":1,"2":1,"3":0,"4":0,"5":0,"6":0,"7":0,"8":0,"9":0,"10":0,"11":0,"12":0,"13":0,"14":0,"15":0,"16":0,"17":0,"18":0,"19":0,"20":0,"21":0,"22":0,"23":0,"24":0,"25":0,"26":0,"27":0,"28":0,"29":0,"30":0,"31":0,"32":0,"33":0,"34":0,"35":0,"36":0,"37":0,"38":0,"39":0,"40":0,"41":0,"42":0,"43":0,"44":0,"45":0,"46":0,"47":0,"48":0,"49":0,"50":0,"51":0,"52":0,"53":0,"54":1,"55":1,"56":1,"57":1,"58":0,"59":0,"60":0,"61":1,"62":1,"63":1,"64":0,"65":0,"66":0,"67":0,"68":0,"69":0,"70":0,"71":0,"72":0,"73":0,"74":1},"f":{"0":1,"1":1,"2":0,"3":0,"4":0,"5":0,"6":1,"7":0,"8":0},"b":{"0":[0,0],"1":[0,0],"2":[0,0,0],"3":[0,0],"4":[0,0],"5":[0,0],"6":[0,0],"7":[0,0],"8":[0,0],"9":[0,0],"10":[0,0],"11":[0,0],"12":[0,0],"13":[0,0],"14":[0,0],"15":[0,1],"16":[0,0],"17":[1,0],"18":[1,0]},"meta":{"lastBranch":19,"lastFunction":9,"lastStatement":75,"seen":{"f:5:24:5:32":0,"s:6:27:6:Infinity":0,"s:8:2:82:Infinity":1,"f:8:12:8:16":1,"s:9:4:9:Infinity":2,"f:11:13:11:23":2,"s:12:6:16:Infinity":3,"s:13:24:13:Infinity":4,"s:14:24:14:Infinity":5,"s:15:8:15:Infinity":6,"s:16:17:16:29":7,"f:19:13:19:32":3,"s:20:6:63:Infinity":8,"b:21:8:21:Infinity:undefined:undefined:undefined:undefined":0,"s:21:8:21:Infinity":9,"s:21:17:21:Infinity":10,"s:23:21:23:Infinity":11,"s:25:8:25:Infinity":12,"s:28:28:28:Infinity":13,"b:29:8:32:Infinity:undefined:undefined:undefined:undefined":1,"s:29:8:32:Infinity":14,"b:29:11:29:25:29:25:29:40:29:40:29:67":2,"s:30:10:30:Infinity":15,"s:31:10:31:Infinity":16,"b:34:8:62:Infinity:50:8:62:Infinity":3,"s:34:8:62:Infinity":17,"s:35:11:49:Infinity":18,"f:35:12:35:22":4,"s:36:12:48:Infinity":19,"s:37:30:37:Infinity":20,"s:38:24:38:Infinity":21,"b:38:32:38:48:38:48:38:63":4,"s:39:14:39:Infinity":22,"s:40:14:40:Infinity":23,"b:42:14:42:Infinity:undefined:undefined:undefined:undefined":5,"s:42:14:42:Infinity":24,"s:42:31:42:Infinity":25,"s:42:36:42:94":26,"b:43:14:43:Infinity:undefined:undefined:undefined:undefined":6,"s:43:14:43:Infinity":27,"s:43:35:43:Infinity":28,"s:43:40:43:106":29,"s:44:25:44:61":30,"s:46:14:46:Infinity":31,"s:47:14:47:Infinity":32,"b:50:8:62:Infinity:undefined:undefined:undefined:undefined":7,"s:50:8:62:Infinity":33,"s:51:20:51:Infinity":34,"s:52:30:52:Infinity":35,"b:53:10:53:Infinity:undefined:undefined:undefined:undefined":8,"s:53:10:53:Infinity":36,"s:53:18:53:52":37,"s:53:52:53:59":38,"b:54:10:54:Infinity:undefined:undefined:undefined:undefined":9,"s:54:10:54:Infinity":39,"b:54:13:54:28:54:28:54:52":10,"s:54:54:54:86":40,"s:54:86:54:93":41,"s:55:20:55:Infinity":42,"b:55:28:55:38:55:38:55:47":11,"s:56:10:56:Infinity":43,"s:57:10:57:Infinity":44,"b:59:10:59:Infinity:undefined:undefined:undefined:undefined":12,"s:59:10:59:Infinity":45,"b:59:13:59:20:59:20:59:34":13,"s:59:34:59:Infinity":46,"s:59:39:59:97":47,"s:60:10:60:Infinity":48,"s:61:10:61:Infinity":49,"s:63:19:63:64":50,"f:66:13:66:23":5,"s:67:6:67:Infinity":51,"s:67:11:67:43":52,"b:67:30:67:35:67:35:67:41":14,"s:67:56:67:75":53,"s:70:4:70:Infinity":54,"s:72:4:79:Infinity":55,"s:73:18:73:Infinity":56,"b:74:6:78:Infinity:undefined:undefined:undefined:undefined":15,"s:74:6:78:Infinity":57,"s:75:23:75:Infinity":58,"s:76:8:76:Infinity":59,"s:77:8:77:Infinity":60,"s:81:4:81:Infinity":61,"f:81:11:81:16":6,"s:81:16:81:Infinity":62,"s:84:8:84:Infinity":63,"f:86:11:86:24":7,"s:87:4:87:Infinity":64,"s:88:4:88:Infinity":65,"s:89:4:89:Infinity":66,"s:90:4:90:Infinity":67,"s:90:9:90:57":68,"s:90:57:90:108":69,"s:92:4:92:Infinity":70,"f:95:11:95:23":8,"s:96:4:96:Infinity":71,"b:96:4:96:9:96:9:96:Infinity":16,"s:97:10:97:Infinity":72,"s:99:4:99:Infinity":73,"s:102:2:137:Infinity":74,"b:117:13:117:Infinity:118:14:120:Infinity":17,"b:126:14:126:Infinity:128:14:132:Infinity":18}}}
,"C:\\dev\\knapsack\\knapsack\\apps\\web-app\\src\\pages\\MyResources.jsx": {"path":"C:\\dev\\knapsack\\knapsack\\apps\\web-app\\src\\pages\\MyResources.jsx","statementMap":{"0":{"start":{"line":5,"column":2},"end":{"line":9,"column":null}}},"fnMap":{"0":{"name":"MyResources","decl":{"start":{"line":4,"column":24},"end":{"line":4,"column":38}},"loc":{"start":{"line":4,"column":38},"end":{"line":11,"column":null}},"line":4}},"branchMap":{},"s":{"0":2},"f":{"0":2},"b":{},"meta":{"lastBranch":0,"lastFunction":1,"lastStatement":1,"seen":{"f:4:24:4:38":0,"s:5:2:9:Infinity":0}}}
,"C:\\dev\\knapsack\\knapsack\\apps\\web-app\\src\\utils\\auth.js": {"path":"C:\\dev\\knapsack\\knapsack\\apps\\web-app\\src\\utils\\auth.js","statementMap":{"0":{"start":{"line":1,"column":35},"end":{"line":1,"column":null}},"1":{"start":{"line":4,"column":2},"end":{"line":4,"column":82}},"2":{"start":{"line":4,"column":7},"end":{"line":4,"column":59}},"3":{"start":{"line":4,"column":70},"end":{"line":4,"column":81}},"4":{"start":{"line":8,"column":2},"end":{"line":8,"column":57}},"5":{"start":{"line":12,"column":2},"end":{"line":12,"column":38}},"6":{"start":{"line":13,"column":2},"end":{"line":13,"column":117}},"7":{"start":{"line":13,"column":7},"end":{"line":13,"column":54}},"8":{"start":{"line":13,"column":55},"end":{"line":13,"column":105}},"9":{"start":{"line":17,"column":2},"end":{"line":17,"column":69}},"10":{"start":{"line":17,"column":7},"end":{"line":17,"column":57}},"11":{"start":{"line":21,"column":2},"end":{"line":21,"column":80}},"12":{"start":{"line":21,"column":7},"end":{"line":21,"column":57}},"13":{"start":{"line":21,"column":68},"end":{"line":21,"column":79}},"14":{"start":{"line":25,"column":14},"end":{"line":27,"column":4}},"15":{"start":{"line":28,"column":2},"end":{"line":28,"column":56}},"16":{"start":{"line":28,"column":14},"end":{"line":28,"column":56}},"17":{"start":{"line":29,"column":2},"end":{"line":29,"column":19}},"18":{"start":{"line":33,"column":19},"end":{"line":33,"column":56}},"19":{"start":{"line":34,"column":19},"end":{"line":34,"column":58}},"20":{"start":{"line":35,"column":16},"end":{"line":35,"column":38}},"21":{"start":{"line":37,"column":19},"end":{"line":37,"column":120}},"22":{"start":{"line":37,"column":83},"end":{"line":37,"column":116}},"23":{"start":{"line":38,"column":16},"end":{"line":38,"column":22}},"24":{"start":{"line":39,"column":16},"end":{"line":39,"column":22}},"25":{"start":{"line":40,"column":2},"end":{"line":40,"column":128}},"26":{"start":{"line":40,"column":7},"end":{"line":40,"column":61}},"27":{"start":{"line":40,"column":62},"end":{"line":40,"column":115}},"28":{"start":{"line":42,"column":17},"end":{"line":52,"column":4}},"29":{"start":{"line":53,"column":2},"end":{"line":53,"column":76}}},"fnMap":{"0":{"name":"getUser","decl":{"start":{"line":3,"column":16},"end":{"line":3,"column":23}},"loc":{"start":{"line":3,"column":25},"end":{"line":5,"column":1}},"line":3},"1":{"name":"setUser","decl":{"start":{"line":7,"column":16},"end":{"line":7,"column":23}},"loc":{"start":{"line":7,"column":29},"end":{"line":9,"column":1}},"line":7},"2":{"name":"clearUser","decl":{"start":{"line":11,"column":16},"end":{"line":11,"column":25}},"loc":{"start":{"line":11,"column":27},"end":{"line":14,"column":1}},"line":11},"3":{"name":"setIdToken","decl":{"start":{"line":16,"column":16},"end":{"line":16,"column":26}},"loc":{"start":{"line":16,"column":33},"end":{"line":18,"column":1}},"line":16},"4":{"name":"getIdToken","decl":{"start":{"line":20,"column":16},"end":{"line":20,"column":26}},"loc":{"start":{"line":20,"column":28},"end":{"line":22,"column":1}},"line":20},"5":{"name":"fetchGoogleProfile","decl":{"start":{"line":24,"column":22},"end":{"line":24,"column":40}},"loc":{"start":{"line":24,"column":53},"end":{"line":30,"column":1}},"line":24},"6":{"name":"buildGoogleAuthUrl","decl":{"start":{"line":32,"column":16},"end":{"line":32,"column":34}},"loc":{"start":{"line":32,"column":36},"end":{"line":54,"column":1}},"line":32},"7":{"name":"rand","decl":{"start":{"line":37,"column":11},"end":{"line":37,"column":15}},"loc":{"start":{"line":37,"column":17},"end":{"line":37,"column":122}},"line":37},"8":{"name":"(anonymous_8)","decl":{"start":{"line":37,"column":76},"end":{"line":37,"column":77}},"loc":{"start":{"line":37,"column":83},"end":{"line":37,"column":116}},"line":37}},"branchMap":{"0":{"loc":{"start":{"line":28,"column":2},"end":{"line":28,"column":56}},"type":"if","locations":[{"start":{"line":28,"column":2},"end":{"line":28,"column":56}},{"start":{},"end":{}}],"line":28}},"s":{"0":1,"1":1,"2":1,"3":0,"4":0,"5":0,"6":0,"7":0,"8":0,"9":0,"10":0,"11":0,"12":0,"13":0,"14":0,"15":0,"16":0,"17":0,"18":0,"19":0,"20":0,"21":0,"22":0,"23":0,"24":0,"25":0,"26":0,"27":0,"28":0,"29":0},"f":{"0":1,"1":0,"2":0,"3":0,"4":0,"5":0,"6":0,"7":0,"8":0},"b":{"0":[0,0]},"meta":{"lastBranch":1,"lastFunction":9,"lastStatement":30,"seen":{"s:1:35:1:Infinity":0,"f:3:16:3:23":0,"s:4:2:4:82":1,"s:4:7:4:59":2,"s:4:70:4:81":3,"f:7:16:7:23":1,"s:8:2:8:57":4,"f:11:16:11:25":2,"s:12:2:12:38":5,"s:13:2:13:117":6,"s:13:7:13:54":7,"s:13:55:13:105":8,"f:16:16:16:26":3,"s:17:2:17:69":9,"s:17:7:17:57":10,"f:20:16:20:26":4,"s:21:2:21:80":11,"s:21:7:21:57":12,"s:21:68:21:79":13,"f:24:22:24:40":5,"s:25:14:27:4":14,"b:28:2:28:56:undefined:undefined:undefined:undefined":0,"s:28:2:28:56":15,"s:28:14:28:56":16,"s:29:2:29:19":17,"f:32:16:32:34":6,"s:33:19:33:56":18,"s:34:19:34:58":19,"s:35:16:35:38":20,"f:37:11:37:15":7,"s:37:19:37:120":21,"f:37:76:37:77":8,"s:37:83:37:116":22,"s:38:16:38:22":23,"s:39:16:39:22":24,"s:40:2:40:128":25,"s:40:7:40:61":26,"s:40:62:40:115":27,"s:42:17:52:4":28,"s:53:2:53:76":29}}}
}
