{"C:\\dev\\knapsack\\knapsack\\apps\\web-app\\src\\components\\MyResourcesPanel.jsx": {"path":"C:\\dev\\knapsack\\knapsack\\apps\\web-app\\src\\components\\MyResourcesPanel.jsx","statementMap":{"0":{"start":{"line":5,"column":2},"end":{"line":12,"column":null}},"1":{"start":{"line":17,"column":22},"end":{"line":17,"column":null}},"2":{"start":{"line":18,"column":22},"end":{"line":18,"column":null}},"3":{"start":{"line":19,"column":36},"end":{"line":19,"column":null}},"4":{"start":{"line":20,"column":30},"end":{"line":20,"column":null}},"5":{"start":{"line":21,"column":30},"end":{"line":21,"column":null}},"6":{"start":{"line":22,"column":26},"end":{"line":22,"column":null}},"7":{"start":{"line":25,"column":19},"end":{"line":25,"column":null}},"8":{"start":{"line":26,"column":24},"end":{"line":26,"column":null}},"9":{"start":{"line":29,"column":10},"end":{"line":29,"column":null}},"10":{"start":{"line":30,"column":4},"end":{"line":30,"column":null}},"11":{"start":{"line":30,"column":29},"end":{"line":30,"column":null}},"12":{"start":{"line":31,"column":4},"end":{"line":36,"column":null}},"13":{"start":{"line":32,"column":18},"end":{"line":32,"column":null}},"14":{"start":{"line":33,"column":6},"end":{"line":33,"column":null}},"15":{"start":{"line":33,"column":18},"end":{"line":33,"column":null}},"16":{"start":{"line":34,"column":19},"end":{"line":34,"column":null}},"17":{"start":{"line":35,"column":6},"end":{"line":35,"column":null}},"18":{"start":{"line":36,"column":17},"end":{"line":36,"column":58}},"19":{"start":{"line":39,"column":2},"end":{"line":39,"column":null}},"20":{"start":{"line":39,"column":24},"end":{"line":39,"column":43}},"21":{"start":{"line":42,"column":4},"end":{"line":42,"column":null}},"22":{"start":{"line":43,"column":4},"end":{"line":43,"column":null}},"23":{"start":{"line":44,"column":10},"end":{"line":44,"column":null}},"24":{"start":{"line":45,"column":20},"end":{"line":52,"column":null}},"25":{"start":{"line":53,"column":4},"end":{"line":74,"column":null}},"26":{"start":{"line":54,"column":24},"end":{"line":54,"column":null}},"27":{"start":{"line":55,"column":24},"end":{"line":55,"column":null}},"28":{"start":{"line":56,"column":8},"end":{"line":56,"column":null}},"29":{"start":{"line":56,"column":20},"end":{"line":56,"column":null}},"30":{"start":{"line":57,"column":20},"end":{"line":61,"column":null}},"31":{"start":{"line":62,"column":6},"end":{"line":62,"column":null}},"32":{"start":{"line":62,"column":18},"end":{"line":62,"column":null}},"33":{"start":{"line":63,"column":19},"end":{"line":63,"column":null}},"34":{"start":{"line":64,"column":6},"end":{"line":64,"column":null}},"35":{"start":{"line":66,"column":6},"end":{"line":66,"column":null}},"36":{"start":{"line":67,"column":6},"end":{"line":67,"column":null}},"37":{"start":{"line":68,"column":6},"end":{"line":68,"column":null}},"38":{"start":{"line":69,"column":6},"end":{"line":69,"column":null}},"39":{"start":{"line":70,"column":6},"end":{"line":70,"column":null}},"40":{"start":{"line":72,"column":6},"end":{"line":72,"column":null}},"41":{"start":{"line":73,"column":6},"end":{"line":73,"column":null}},"42":{"start":{"line":77,"column":2},"end":{"line":129,"column":null}},"43":{"start":{"line":79,"column":57},"end":{"line":79,"column":76}},"44":{"start":{"line":79,"column":70},"end":{"line":79,"column":72}},"45":{"start":{"line":85,"column":74},"end":{"line":85,"column":99}},"46":{"start":{"line":89,"column":84},"end":{"line":89,"column":116}},"47":{"start":{"line":93,"column":111},"end":{"line":93,"column":140}},"48":{"start":{"line":96,"column":117},"end":{"line":96,"column":148}},"49":{"start":{"line":118,"column":16},"end":{"line":123,"column":null}}},"fnMap":{"0":{"name":"SlideDown","decl":{"start":{"line":4,"column":9},"end":{"line":4,"column":19}},"loc":{"start":{"line":4,"column":39},"end":{"line":14,"column":null}},"line":4},"1":{"name":"MyResourcesPanel","decl":{"start":{"line":16,"column":24},"end":{"line":16,"column":42}},"loc":{"start":{"line":16,"column":42},"end":{"line":131,"column":null}},"line":16},"2":{"name":"fetchMyResources","decl":{"start":{"line":28,"column":17},"end":{"line":28,"column":35}},"loc":{"start":{"line":28,"column":35},"end":{"line":37,"column":null}},"line":28},"3":{"name":"(anonymous_3)","decl":{"start":{"line":39,"column":18},"end":{"line":39,"column":22}},"loc":{"start":{"line":39,"column":22},"end":{"line":39,"column":46}},"line":39},"4":{"name":"handleSubmit","decl":{"start":{"line":41,"column":17},"end":{"line":41,"column":30}},"loc":{"start":{"line":41,"column":32},"end":{"line":75,"column":null}},"line":41},"5":{"name":"(anonymous_5)","decl":{"start":{"line":79,"column":51},"end":{"line":79,"column":57}},"loc":{"start":{"line":79,"column":57},"end":{"line":79,"column":76}},"line":79},"6":{"name":"(anonymous_6)","decl":{"start":{"line":79,"column":65},"end":{"line":79,"column":70}},"loc":{"start":{"line":79,"column":70},"end":{"line":79,"column":72}},"line":79},"7":{"name":"(anonymous_7)","decl":{"start":{"line":85,"column":69},"end":{"line":85,"column":74}},"loc":{"start":{"line":85,"column":74},"end":{"line":85,"column":99}},"line":85},"8":{"name":"(anonymous_8)","decl":{"start":{"line":89,"column":79},"end":{"line":89,"column":84}},"loc":{"start":{"line":89,"column":84},"end":{"line":89,"column":116}},"line":89},"9":{"name":"(anonymous_9)","decl":{"start":{"line":93,"column":106},"end":{"line":93,"column":111}},"loc":{"start":{"line":93,"column":111},"end":{"line":93,"column":140}},"line":93},"10":{"name":"(anonymous_10)","decl":{"start":{"line":96,"column":112},"end":{"line":96,"column":117}},"loc":{"start":{"line":96,"column":117},"end":{"line":96,"column":148}},"line":96},"11":{"name":"(anonymous_11)","decl":{"start":{"line":117,"column":25},"end":{"line":117,"column":null}},"loc":{"start":{"line":118,"column":16},"end":{"line":123,"column":null}},"line":118}},"branchMap":{"0":{"loc":{"start":{"line":7,"column":17},"end":{"line":7,"column":null}},"type":"cond-expr","locations":[{"start":{"line":7,"column":24},"end":{"line":7,"column":34}},{"start":{"line":7,"column":34},"end":{"line":7,"column":null}}],"line":7},"1":{"loc":{"start":{"line":25,"column":19},"end":{"line":25,"column":null}},"type":"binary-expr","locations":[{"start":{"line":25,"column":19},"end":{"line":25,"column":56}},{"start":{"line":25,"column":56},"end":{"line":25,"column":89}},{"start":{"line":25,"column":89},"end":{"line":25,"column":null}}],"line":25},"2":{"loc":{"start":{"line":30,"column":4},"end":{"line":30,"column":null}},"type":"if","locations":[{"start":{"line":30,"column":4},"end":{"line":30,"column":null}},{"start":{},"end":{}}],"line":30},"3":{"loc":{"start":{"line":30,"column":7},"end":{"line":30,"column":29}},"type":"binary-expr","locations":[{"start":{"line":30,"column":7},"end":{"line":30,"column":16}},{"start":{"line":30,"column":16},"end":{"line":30,"column":29}}],"line":30},"4":{"loc":{"start":{"line":33,"column":6},"end":{"line":33,"column":null}},"type":"if","locations":[{"start":{"line":33,"column":6},"end":{"line":33,"column":null}},{"start":{},"end":{}}],"line":33},"5":{"loc":{"start":{"line":48,"column":16},"end":{"line":48,"column":null}},"type":"cond-expr","locations":[{"start":{"line":48,"column":27},"end":{"line":48,"column":46}},{"start":{"line":48,"column":46},"end":{"line":48,"column":null}}],"line":48},"6":{"loc":{"start":{"line":51,"column":13},"end":{"line":51,"column":null}},"type":"cond-expr","locations":[{"start":{"line":51,"column":21},"end":{"line":51,"column":48}},{"start":{"line":51,"column":48},"end":{"line":51,"column":null}}],"line":51},"7":{"loc":{"start":{"line":51,"column":21},"end":{"line":51,"column":48}},"type":"binary-expr","locations":[{"start":{"line":51,"column":21},"end":{"line":51,"column":35}},{"start":{"line":51,"column":35},"end":{"line":51,"column":48}}],"line":51},"8":{"loc":{"start":{"line":56,"column":8},"end":{"line":56,"column":null}},"type":"if","locations":[{"start":{"line":56,"column":8},"end":{"line":56,"column":null}},{"start":{},"end":{}}],"line":56},"9":{"loc":{"start":{"line":62,"column":6},"end":{"line":62,"column":null}},"type":"if","locations":[{"start":{"line":62,"column":6},"end":{"line":62,"column":null}},{"start":{},"end":{}}],"line":62},"10":{"loc":{"start":{"line":79,"column":76},"end":{"line":79,"column":111}},"type":"cond-expr","locations":[{"start":{"line":79,"column":83},"end":{"line":79,"column":93}},{"start":{"line":79,"column":93},"end":{"line":79,"column":111}}],"line":79},"11":{"loc":{"start":{"line":101,"column":15},"end":{"line":101,"column":null}},"type":"binary-expr","locations":[{"start":{"line":101,"column":15},"end":{"line":101,"column":38}},{"start":{"line":101,"column":38},"end":{"line":101,"column":null}}],"line":101},"12":{"loc":{"start":{"line":102,"column":15},"end":{"line":102,"column":null}},"type":"binary-expr","locations":[{"start":{"line":102,"column":15},"end":{"line":102,"column":37}},{"start":{"line":102,"column":37},"end":{"line":102,"column":null}}],"line":102},"13":{"loc":{"start":{"line":103,"column":15},"end":{"line":103,"column":null}},"type":"binary-expr","locations":[{"start":{"line":103,"column":15},"end":{"line":103,"column":37}},{"start":{"line":103,"column":37},"end":{"line":103,"column":null}}],"line":103},"14":{"loc":{"start":{"line":110,"column":9},"end":{"line":110,"column":null}},"type":"binary-expr","locations":[{"start":{"line":110,"column":9},"end":{"line":110,"column":31}},{"start":{"line":110,"column":31},"end":{"line":110,"column":null}}],"line":110},"15":{"loc":{"start":{"line":111,"column":9},"end":{"line":126,"column":null}},"type":"binary-expr","locations":[{"start":{"line":111,"column":9},"end":{"line":111,"column":null}},{"start":{"line":112,"column":10},"end":{"line":126,"column":null}}],"line":111},"16":{"loc":{"start":{"line":122,"column":23},"end":{"line":122,"column":48}},"type":"cond-expr","locations":[{"start":{"line":122,"column":35},"end":{"line":122,"column":43}},{"start":{"line":122,"column":43},"end":{"line":122,"column":48}}],"line":122}},"s":{"0":12,"1":12,"2":12,"3":12,"4":12,"5":12,"6":12,"7":12,"8":12,"9":4,"10":4,"11":0,"12":4,"13":4,"14":4,"15":0,"16":4,"17":4,"18":0,"19":12,"20":3,"21":1,"22":1,"23":1,"24":1,"25":1,"26":1,"27":1,"28":1,"29":0,"30":1,"31":1,"32":0,"33":1,"34":1,"35":1,"36":1,"37":1,"38":1,"39":1,"40":0,"41":0,"42":12,"43":1,"44":1,"45":1,"46":1,"47":1,"48":0,"49":4},"f":{"0":12,"1":12,"2":4,"3":3,"4":1,"5":1,"6":1,"7":1,"8":1,"9":1,"10":0,"11":4},"b":{"0":[7,5],"1":[12,12,12],"2":[0,4],"3":[4,4],"4":[0,4],"5":[1,0],"6":[1,0],"7":[1,0],"8":[0,1],"9":[0,1],"10":[7,5],"11":[12,1],"12":[12,2],"13":[12,0],"14":[12,9],"15":[12,3],"16":[1,3]},"meta":{"lastBranch":17,"lastFunction":12,"lastStatement":50,"seen":{"f:4:9:4:19":0,"s:5:2:12:Infinity":0,"b:7:24:7:34:7:34:7:Infinity":0,"f:16:24:16:42":1,"s:17:22:17:Infinity":1,"s:18:22:18:Infinity":2,"s:19:36:19:Infinity":3,"s:20:30:20:Infinity":4,"s:21:30:21:Infinity":5,"s:22:26:22:Infinity":6,"s:25:19:25:Infinity":7,"b:25:19:25:56:25:56:25:89:25:89:25:Infinity":1,"s:26:24:26:Infinity":8,"f:28:17:28:35":2,"s:29:10:29:Infinity":9,"b:30:4:30:Infinity:undefined:undefined:undefined:undefined":2,"s:30:4:30:Infinity":10,"b:30:7:30:16:30:16:30:29":3,"s:30:29:30:Infinity":11,"s:31:4:36:Infinity":12,"s:32:18:32:Infinity":13,"b:33:6:33:Infinity:undefined:undefined:undefined:undefined":4,"s:33:6:33:Infinity":14,"s:33:18:33:Infinity":15,"s:34:19:34:Infinity":16,"s:35:6:35:Infinity":17,"s:36:17:36:58":18,"s:39:2:39:Infinity":19,"f:39:18:39:22":3,"s:39:24:39:43":20,"f:41:17:41:30":4,"s:42:4:42:Infinity":21,"s:43:4:43:Infinity":22,"s:44:10:44:Infinity":23,"s:45:20:52:Infinity":24,"b:48:27:48:46:48:46:48:Infinity":5,"b:51:21:51:48:51:48:51:Infinity":6,"b:51:21:51:35:51:35:51:48":7,"s:53:4:74:Infinity":25,"s:54:24:54:Infinity":26,"s:55:24:55:Infinity":27,"b:56:8:56:Infinity:undefined:undefined:undefined:undefined":8,"s:56:8:56:Infinity":28,"s:56:20:56:Infinity":29,"s:57:20:61:Infinity":30,"b:62:6:62:Infinity:undefined:undefined:undefined:undefined":9,"s:62:6:62:Infinity":31,"s:62:18:62:Infinity":32,"s:63:19:63:Infinity":33,"s:64:6:64:Infinity":34,"s:66:6:66:Infinity":35,"s:67:6:67:Infinity":36,"s:68:6:68:Infinity":37,"s:69:6:69:Infinity":38,"s:70:6:70:Infinity":39,"s:72:6:72:Infinity":40,"s:73:6:73:Infinity":41,"s:77:2:129:Infinity":42,"f:79:51:79:57":5,"s:79:57:79:76":43,"f:79:65:79:70":6,"s:79:70:79:72":44,"b:79:83:79:93:79:93:79:111":10,"f:85:69:85:74":7,"s:85:74:85:99":45,"f:89:79:89:84":8,"s:89:84:89:116":46,"f:93:106:93:111":9,"s:93:111:93:140":47,"f:96:112:96:117":10,"s:96:117:96:148":48,"b:101:15:101:38:101:38:101:Infinity":11,"b:102:15:102:37:102:37:102:Infinity":12,"b:103:15:103:37:103:37:103:Infinity":13,"b:110:9:110:31:110:31:110:Infinity":14,"b:111:9:111:Infinity:112:10:126:Infinity":15,"f:117:25:117:Infinity":11,"s:118:16:123:Infinity":49,"b:122:35:122:43:122:43:122:48":16}}}
,"C:\\dev\\knapsack\\knapsack\\apps\\web-app\\src\\pages\\MyResources.jsx": {"path":"C:\\dev\\knapsack\\knapsack\\apps\\web-app\\src\\pages\\MyResources.jsx","statementMap":{"0":{"start":{"line":5,"column":2},"end":{"line":9,"column":null}}},"fnMap":{"0":{"name":"MyResources","decl":{"start":{"line":4,"column":24},"end":{"line":4,"column":38}},"loc":{"start":{"line":4,"column":38},"end":{"line":11,"column":null}},"line":4}},"branchMap":{},"s":{"0":2},"f":{"0":2},"b":{},"meta":{"lastBranch":0,"lastFunction":1,"lastStatement":1,"seen":{"f:4:24:4:38":0,"s:5:2:9:Infinity":0}}}
}
